Performing C SOURCE FILE Test CMAKE_HAVE_LIBC_PTHREAD failed with the following output:
Change Dir: /home/qdt-02/workspace/quangdv/first_cmake_project/build/Linux/aarch64/CMakeFiles/CMakeTmp

Run Build Command(s):/usr/bin/make cmTC_c0eb8/fast && /usr/bin/make -f CMakeFiles/cmTC_c0eb8.dir/build.make CMakeFiles/cmTC_c0eb8.dir/build
make[1]: Entering directory '/home/qdt-02/workspace/quangdv/first_cmake_project/build/Linux/aarch64/CMakeFiles/CMakeTmp'
Building C object CMakeFiles/cmTC_c0eb8.dir/src.c.o
/usr/bin/aarch64-linux-gnu-gcc-9   -DCMAKE_HAVE_LIBC_PTHREAD   -o CMakeFiles/cmTC_c0eb8.dir/src.c.o   -c /home/qdt-02/workspace/quangdv/first_cmake_project/build/Linux/aarch64/CMakeFiles/CMakeTmp/src.c
Linking C executable cmTC_c0eb8
/usr/bin/cmake -E cmake_link_script CMakeFiles/cmTC_c0eb8.dir/link.txt --verbose=1
/usr/bin/aarch64-linux-gnu-gcc-9  -DCMAKE_HAVE_LIBC_PTHREAD    CMakeFiles/cmTC_c0eb8.dir/src.c.o  -o cmTC_c0eb8 
/usr/lib/gcc-cross/aarch64-linux-gnu/9/../../../../aarch64-linux-gnu/bin/ld: CMakeFiles/cmTC_c0eb8.dir/src.c.o: in function `main':
src.c:(.text+0x48): undefined reference to `pthread_create'
/usr/lib/gcc-cross/aarch64-linux-gnu/9/../../../../aarch64-linux-gnu/bin/ld: src.c:(.text+0x50): undefined reference to `pthread_detach'
/usr/lib/gcc-cross/aarch64-linux-gnu/9/../../../../aarch64-linux-gnu/bin/ld: src.c:(.text+0x5c): undefined reference to `pthread_join'
collect2: error: ld returned 1 exit status
make[1]: *** [CMakeFiles/cmTC_c0eb8.dir/build.make:87: cmTC_c0eb8] Error 1
make[1]: Leaving directory '/home/qdt-02/workspace/quangdv/first_cmake_project/build/Linux/aarch64/CMakeFiles/CMakeTmp'
make: *** [Makefile:121: cmTC_c0eb8/fast] Error 2


Source file was:
#include <pthread.h>

void* test_func(void* data)
{
  return data;
}

int main(void)
{
  pthread_t thread;
  pthread_create(&thread, NULL, test_func, NULL);
  pthread_detach(thread);
  pthread_join(thread, NULL);
  pthread_atfork(NULL, NULL, NULL);
  pthread_exit(NULL);

  return 0;
}

Determining if the function pthread_create exists in the pthreads failed with the following output:
Change Dir: /home/qdt-02/workspace/quangdv/first_cmake_project/build/Linux/aarch64/CMakeFiles/CMakeTmp

Run Build Command(s):/usr/bin/make cmTC_322ab/fast && /usr/bin/make -f CMakeFiles/cmTC_322ab.dir/build.make CMakeFiles/cmTC_322ab.dir/build
make[1]: Entering directory '/home/qdt-02/workspace/quangdv/first_cmake_project/build/Linux/aarch64/CMakeFiles/CMakeTmp'
Building C object CMakeFiles/cmTC_322ab.dir/CheckFunctionExists.c.o
/usr/bin/aarch64-linux-gnu-gcc-9   -DCHECK_FUNCTION_EXISTS=pthread_create   -o CMakeFiles/cmTC_322ab.dir/CheckFunctionExists.c.o   -c /usr/share/cmake-3.16/Modules/CheckFunctionExists.c
Linking C executable cmTC_322ab
/usr/bin/cmake -E cmake_link_script CMakeFiles/cmTC_322ab.dir/link.txt --verbose=1
/usr/bin/aarch64-linux-gnu-gcc-9  -DCHECK_FUNCTION_EXISTS=pthread_create    CMakeFiles/cmTC_322ab.dir/CheckFunctionExists.c.o  -o cmTC_322ab  -lpthreads 
/usr/lib/gcc-cross/aarch64-linux-gnu/9/../../../../aarch64-linux-gnu/bin/ld: cannot find -lpthreads
collect2: error: ld returned 1 exit status
make[1]: *** [CMakeFiles/cmTC_322ab.dir/build.make:87: cmTC_322ab] Error 1
make[1]: Leaving directory '/home/qdt-02/workspace/quangdv/first_cmake_project/build/Linux/aarch64/CMakeFiles/CMakeTmp'
make: *** [Makefile:121: cmTC_322ab/fast] Error 2



